Error: @prisma/client did not initialize yet. Please run "prisma generate" and try to import it again.
Error: @prisma/client did not initialize yet. Please run "prisma generate" and try to import it again.
    at new PrismaClient (/Users/vinoth/Documents/www/issue-tracker-new/node_modules/.prisma/client/default.js:43:11)
    at [project]/prisma/client.ts [app-route] (ecmascript) (/Users/vinoth/Documents/www/issue-tracker-new/.next/server/chunks/[root of the server]__6ab68d7a._.js:91:16)
    at instantiateModule (/Users/vinoth/Documents/www/issue-tracker-new/.next/server/chunks/[turbopack]_runtime.js:593:23)
    at getOrInstantiateModuleFromParent (/Users/vinoth/Documents/www/issue-tracker-new/.next/server/chunks/[turbopack]_runtime.js:652:12)
    at esmImport (/Users/vinoth/Documents/www/issue-tracker-new/.next/server/chunks/[turbopack]_runtime.js:132:20)
    at [project]/app/api/issue/route.ts [app-route] (ecmascript) (/Users/vinoth/Documents/www/issue-tracker-new/.next/server/chunks/[root of the server]__6ab68d7a._.js:121:144)
    at instantiateModule (/Users/vinoth/Documents/www/issue-tracker-new/.next/server/chunks/[turbopack]_runtime.js:593:23)
    at getOrInstantiateModuleFromParent (/Users/vinoth/Documents/www/issue-tracker-new/.next/server/chunks/[turbopack]_runtime.js:652:12)
    at esmImport (/Users/vinoth/Documents/www/issue-tracker-new/.next/server/chunks/[turbopack]_runtime.js:132:20)
    at [project]/node_modules/next/dist/esm/build/templates/app-route.js { INNER_APP_ROUTE => "[project]/app/api/issue/route.ts [app-route] (ecmascript)" } [app-route] (ecmascript) (/Users/vinoth/Documents/www/issue-tracker-new/.next/server/chunks/node_modules_8bc9901e._.js:16104:156)
    at instantiateModule (/Users/vinoth/Documents/www/issue-tracker-new/.next/server/chunks/[turbopack]_runtime.js:593:23)
    at instantiateRuntimeModule (/Users/vinoth/Documents/www/issue-tracker-new/.next/server/chunks/[turbopack]_runtime.js:660:12)
    at Object.getOrInstantiateRuntimeModule (/Users/vinoth/Documents/www/issue-tracker-new/.next/server/chunks/[turbopack]_runtime.js:676:12)
    at Object.<anonymous> (/Users/vinoth/Documents/www/issue-tracker-new/.next/server/app/api/issue/route.js:6:9)
    at Module._compile (node:internal/modules/cjs/loader:1376:14)
    at Module._extensions..js (node:internal/modules/cjs/loader:1435:10)
    at Module.load (node:internal/modules/cjs/loader:1207:32)
    at Module._load (node:internal/modules/cjs/loader:1023:12)
    at Module.require (node:internal/modules/cjs/loader:1235:19)
    at mod.require (/Users/vinoth/Documents/www/issue-tracker-new/node_modules/next/dist/server/require-hook.js:65:28)
    at require (node:internal/modules/helpers:176:18)
    at requirePage (/Users/vinoth/Documents/www/issue-tracker-new/node_modules/next/dist/server/require.js:103:84)
    at loadComponentsImpl (/Users/vinoth/Documents/www/issue-tracker-new/node_modules/next/dist/server/load-components.js:129:57)
    at async DevServer.findPageComponentsImpl (/Users/vinoth/Documents/www/issue-tracker-new/node_modules/next/dist/server/next-server.js:808:36)
    at async DevServer.findPageComponents (/Users/vinoth/Documents/www/issue-tracker-new/node_modules/next/dist/server/dev/next-dev-server.js:628:16)
    at async DevServer.renderPageComponent (/Users/vinoth/Documents/www/issue-tracker-new/node_modules/next/dist/server/base-server.js:2379:24)
    at async DevServer.renderToResponseImpl (/Users/vinoth/Documents/www/issue-tracker-new/node_modules/next/dist/server/base-server.js:2430:32)
    at async DevServer.pipeImpl (/Users/vinoth/Documents/www/issue-tracker-new/node_modules/next/dist/server/base-server.js:1003:25)
    at async NextNodeServer.handleCatchallRenderRequest (/Users/vinoth/Documents/www/issue-tracker-new/node_modules/next/dist/server/next-server.js:304:17)
    at async DevServer.handleRequestImpl (/Users/vinoth/Documents/www/issue-tracker-new/node_modules/next/dist/server/base-server.js:895:17)
    at async /Users/vinoth/Documents/www/issue-tracker-new/node_modules/next/dist/server/dev/next-dev-server.js:371:20
    at async Span.traceAsyncFn (/Users/vinoth/Documents/www/issue-tracker-new/node_modules/next/dist/trace/trace.js:157:20)
    at async DevServer.handleRequest (/Users/vinoth/Documents/www/issue-tracker-new/node_modules/next/dist/server/dev/next-dev-server.js:368:24)
    at async invokeRender (/Users/vinoth/Documents/www/issue-tracker-new/node_modules/next/dist/server/lib/router-server.js:235:21)
    at async handleRequest (/Users/vinoth/Documents/www/issue-tracker-new/node_modules/next/dist/server/lib/router-server.js:426:24)
    at async requestHandlerImpl (/Users/vinoth/Documents/www/issue-tracker-new/node_modules/next/dist/server/lib/router-server.js:450:13)
    at async Server.requestListener (/Users/vinoth/Documents/www/issue-tracker-new/node_modules/next/dist/server/lib/start-server.js:158:13)